fatal: ERROR FATAL! Algo salió terriblemente mal!
error: Error! Algo no está bien!
warning: Advertencia! Prueba de Log warning!
fatal: ERROR FATAL! Algo salió terriblemente mal!
error: Error! Algo no está bien!
warning: Advertencia! Prueba de Log warning!
fatal: ERROR FATAL! Algo salió terriblemente mal!
error: Error! Algo no está bien!
warning: Advertencia! Prueba de Log warning!
warning: Error! Redireccionamos al login!
error: Usuario no autenticado, procediendo...
warning: Error! Redireccionamos al login!
error: Usuario no autenticado, procediendo...
warning: Error! Redireccionamos al login!
fatal: Credenciales inválidas!
fatal: Ups! Algo salio mal!:  next is not a function {"stack":"TypeError: next is not a function\n    at AuthController.login (file:///E:/CODERHOUSE/BACKEND/Desafios%20entegrables/desafio/src/controllers/auth.controller.js:31:16)\n    at processTicksAndRejections (node:internal/process/task_queues:96:5)"}
error: Usuario no autenticado, procediendo...
error: Usuario no autenticado, procediendo...
error: Usuario no autenticado, procediendo...
error: Usuario no autenticado, procediendo...
warning: Error! Redireccionamos al login!
error: Usuario no autenticado, procediendo...
warning: Error! Redireccionamos al login!
error: Usuario no autenticado, procediendo...
warning: Error! Redireccionamos al login!
error: Usuario no autenticado, procediendo...
warning: Error! Redireccionamos al login!
error: Usuario no autenticado, procediendo...
warning: Error! Redireccionamos al login!
error: Usuario no autenticado, procediendo...
warning: Error! Redireccionamos al login!
error: Usuario no autenticado, procediendo...
error: El usuario no tiene el rol necesario
error: Usuario no autenticado, procediendo...
error: Error al añadir producto, product: {"category":"accesorios","code":"1A2B3C","description":"Descripcion de prueba","id":11,"price":11111,"status":true,"stock":25,"thumbnail":["https://down-mx.img.susercontent.com/file/87091049e0aee0527ca1b68317b87a0e"],"title":"Titulo de prueba"}
error: Error al añadir producto, product: {"category":"accesorios","code":"1A2B3C","description":"Descripcion de prueba","price":11111,"status":true,"stock":25,"thumbnail":["https://down-mx.img.susercontent.com/file/87091049e0aee0527ca1b68317b87a0e"],"title":"Titulo de prueba"}
error: Error al añadir producto, product: {"category":"tipo de producto","code":"1A2B3CD","description":"Descripcion de prueba","id":12,"price":11111,"status":true,"stock":25,"thumbnail":["https://down-mx.img.susercontent.com/file/87091049e0aee0527ca1b68317b87a0e"],"title":"Titulo de prueba"}
error: Error personalizado capturado:  El producto no pudo ser encontrado {"code":404,"name":"Product not found","stack":"Product not found: El producto no pudo ser encontrado\n    at ProductController.getByID (file:///E:/CODERHOUSE/BACKEND/Desafios%20entegrables/desafio/src/controllers/products.controller.js:43:21)\n    at processTicksAndRejections (node:internal/process/task_queues:96:5)"}
error: Error personalizado capturado:  El producto no pudo ser encontrado {"code":404,"name":"Product not found","stack":"Product not found: El producto no pudo ser encontrado\n    at ProductController.getByID (file:///E:/CODERHOUSE/BACKEND/Desafios%20entegrables/desafio/src/controllers/products.controller.js:43:21)\n    at processTicksAndRejections (node:internal/process/task_queues:96:5)"}
error: Error personalizado capturado:  El producto no pudo ser encontrado {"code":404,"name":"Product not found","stack":"Product not found: El producto no pudo ser encontrado\n    at ProductController.getByID (file:///E:/CODERHOUSE/BACKEND/Desafios%20entegrables/desafio/src/controllers/products.controller.js:43:21)\n    at processTicksAndRejections (node:internal/process/task_queues:96:5)"}
error: Error personalizado capturado:  El producto no pudo ser encontrado {"code":404,"name":"Product not found","stack":"Product not found: El producto no pudo ser encontrado\n    at ProductController.getByID (file:///E:/CODERHOUSE/BACKEND/Desafios%20entegrables/desafio/src/controllers/products.controller.js:43:21)\n    at processTicksAndRejections (node:internal/process/task_queues:96:5)"}
error: undefined
